<?xml version="1.0" encoding="UTF-8"?>
<!-- Generated by org.testng.reporters.JUnitReportReporter -->
<testsuite skipped="0" hostname="DESKTOP-32ERK54" name="APl.API_Testing.API_Dataprovider_2" tests="4" failures="0" timestamp="30 Apr 2020 15:36:03 GMT" time="7.736" errors="0">
  <testcase name="post" time="1.109" classname="APl.API_Testing.API_Dataprovider_2"/>
  <testcase name="post" time="0.985" classname="APl.API_Testing.API_Dataprovider_2"/>
  <testcase name="post" time="4.781" classname="APl.API_Testing.API_Dataprovider_2"/>
  <testcase name="post" time="0.861" classname="APl.API_Testing.API_Dataprovider_2"/>
</testsuite> <!-- APl.API_Testing.API_Dataprovider_2 -->
