<?xml version="1.0" encoding="UTF-8"?>
<!-- Generated by org.testng.reporters.JUnitReportReporter -->
<testsuite skipped="0" hostname="DESKTOP-32ERK54" name="APl.API_Testing.API_GetTest" tests="1" failures="0" timestamp="29 Apr 2020 13:20:08 GMT" time="5.437" errors="0">
  <testcase name="gettest" time="5.437" classname="APl.API_Testing.API_GetTest"/>
</testsuite> <!-- APl.API_Testing.API_GetTest -->
