<?xml version="1.0" encoding="UTF-8"?>
<!-- Generated by org.testng.reporters.JUnitReportReporter -->
<testsuite skipped="0" hostname="DESKTOP-32ERK54" name="APl.API_Testing.API_Post" tests="1" failures="0" timestamp="03 May 2020 10:55:24 GMT" time="8.164" errors="0">
  <testcase name="posttest" time="8.164" classname="APl.API_Testing.API_Post"/>
</testsuite> <!-- APl.API_Testing.API_Post -->
