<?xml version="1.0" encoding="UTF-8"?>
<!-- Generated by org.testng.reporters.JUnitReportReporter -->
<testsuite skipped="0" hostname="DESKTOP-32ERK54" name="APl.API_Testing.API" tests="1" failures="0" timestamp="29 Apr 2020 12:09:22 GMT" time="5.451" errors="0">
  <testcase name="Gettest" time="5.451" classname="APl.API_Testing.API"/>
</testsuite> <!-- APl.API_Testing.API -->
