<?xml version="1.0" encoding="UTF-8"?>
<!-- Generated by org.testng.reporters.JUnitReportReporter -->
<testsuite skipped="0" hostname="DESKTOP-32ERK54" name="APl.API_Testing.API_Headers" tests="1" failures="0" timestamp="30 Apr 2020 08:22:59 GMT" time="5.343" errors="0">
  <testcase name="headers" time="5.343" classname="APl.API_Testing.API_Headers"/>
</testsuite> <!-- APl.API_Testing.API_Headers -->
