<?xml version="1.0" encoding="UTF-8"?>
<!-- Generated by org.testng.reporters.JUnitReportReporter -->
<testsuite skipped="0" hostname="DESKTOP-32ERK54" name="APl.API_Testing.API_Postusername" tests="1" failures="0" timestamp="30 Apr 2020 08:36:15 GMT" time="4.884" errors="0">
  <testcase name="passuname" time="4.884" classname="APl.API_Testing.API_Postusername"/>
</testsuite> <!-- APl.API_Testing.API_Postusername -->
